npm warn ERESOLVE overriding peer dependency
npm warn While resolving: @testing-library/jest-dom@6.4.5
npm warn Found: @types/jest@26.0.24
npm warn node_modules/@types/jest
npm warn   dev @types/jest@"^26.0.14" from the root project
npm warn
npm warn Could not resolve dependency:
npm warn peerOptional @types/jest@">= 28" from @testing-library/jest-dom@6.4.5
npm warn node_modules/@testing-library/jest-dom
npm warn   @testing-library/jest-dom@"6.4.5" from @storybook/test@8.2.6
npm warn   node_modules/@storybook/test
npm warn
npm warn Conflicting peer dependency: @types/jest@29.5.12
npm warn node_modules/@types/jest
npm warn   peerOptional @types/jest@">= 28" from @testing-library/jest-dom@6.4.5
npm warn   node_modules/@testing-library/jest-dom
npm warn     @testing-library/jest-dom@"6.4.5" from @storybook/test@8.2.6
npm warn     node_modules/@storybook/test
npm warn ERESOLVE overriding peer dependency
npm warn While resolving: @testing-library/jest-dom@6.4.5
npm warn Found: jest@26.6.3
npm warn node_modules/jest
npm warn   peer jest@">=26 <27" from ts-jest@26.5.6
npm warn   node_modules/ts-jest
npm warn     dev ts-jest@"^26.4.1" from the root project
npm warn   1 more (the root project)
npm warn
npm warn Could not resolve dependency:
npm warn peerOptional jest@">= 28" from @testing-library/jest-dom@6.4.5
npm warn node_modules/@testing-library/jest-dom
npm warn   @testing-library/jest-dom@"6.4.5" from @storybook/test@8.2.6
npm warn   node_modules/@storybook/test
npm warn
npm warn Conflicting peer dependency: jest@29.7.0
npm warn node_modules/jest
npm warn   peerOptional jest@">= 28" from @testing-library/jest-dom@6.4.5
npm warn   node_modules/@testing-library/jest-dom
npm warn     @testing-library/jest-dom@"6.4.5" from @storybook/test@8.2.6
npm warn     node_modules/@storybook/test
npm error code ERESOLVE
npm error ERESOLVE could not resolve
npm error
npm error While resolving: react-test-renderer@17.0.2
npm error Found: react@18.3.1
npm error node_modules/react
npm error   peer react@">=16" from @mdx-js/react@3.0.1
npm error   node_modules/@mdx-js/react
npm error     @mdx-js/react@"^3.0.0" from @storybook/addon-docs@8.2.6
npm error     node_modules/@storybook/addon-docs
npm error       @storybook/addon-docs@"8.2.6" from @storybook/addon-essentials@8.2.6
npm error       node_modules/@storybook/addon-essentials
npm error         dev @storybook/addon-essentials@"^8.2.6" from the root project
npm error   react@"^16.8.0 || ^17.0.0 || ^18.0.0" from @storybook/addon-docs@8.2.6
npm error   node_modules/@storybook/addon-docs
npm error     @storybook/addon-docs@"8.2.6" from @storybook/addon-essentials@8.2.6
npm error     node_modules/@storybook/addon-essentials
npm error       dev @storybook/addon-essentials@"^8.2.6" from the root project
npm error   16 more (@storybook/addon-links, @storybook/blocks, ...)
npm error
npm error Could not resolve dependency:
npm error peer react@"17.0.2" from react-test-renderer@17.0.2
npm error node_modules/react-test-renderer
npm error   dev react-test-renderer@"^17.0.2" from the root project
npm error
npm error Conflicting peer dependency: react@17.0.2
npm error node_modules/react
npm error   peer react@"17.0.2" from react-test-renderer@17.0.2
npm error   node_modules/react-test-renderer
npm error     dev react-test-renderer@"^17.0.2" from the root project
npm error
npm error Fix the upstream dependency conflict, or retry
npm error this command with --force or --legacy-peer-deps
npm error to accept an incorrect (and potentially broken) dependency resolution.
npm error
npm error
npm error For a full report see:
npm error C:\Users\airwo\AppData\Local\npm-cache\_logs\2024-07-30T13_13_49_314Z-eresolve-report.txt
npm error A complete log of this run can be found in: C:\Users\airwo\AppData\Local\npm-cache\_logs\2024-07-30T13_13_49_314Z-debug-0.log
